<?xml version="1.0" encoding="UTF-8"?>
<!DOCTYPE html PUBLIC "-//W3C//DTD XHTML 1.0 Strict//EN" "http://www.w3.org/TR/xhtml1/DTD/xhtml1-strict.dtd">
<html xmlns="http://www.w3.org/1999/xhtml">
<head>
    <title>去哪儿网项目自动化测试报告</title>
    <meta name="generator" content="HTMLTestRunner 0.8.2"/>
    <meta http-equiv="Content-Type" content="text/html; charset=UTF-8"/>
    
<style type="text/css" media="screen">
body        { font-family: verdana, arial, helvetica, sans-serif; font-size: 80%; }
table       { font-size: 100%; }
pre         { }

/* -- heading ---------------------------------------------------------------------- */
h1 {
	font-size: 16pt;
	color: gray;
}
.heading {
    margin-top: 0ex;
    margin-bottom: 1ex;
}

.heading .attribute {
    margin-top: 1ex;
    margin-bottom: 0;
}

.heading .description {
    margin-top: 4ex;
    margin-bottom: 6ex;
}

/* -- css div popup ------------------------------------------------------------------------ */
a.popup_link {
}

a.popup_link:hover {
    color: red;
}

.popup_window {
    display: none;
    position: relative;
    left: 0px;
    top: 0px;
    /*border: solid #627173 1px; */
    padding: 10px;
    background-color: #E6E6D6;
    font-family: "Lucida Console", "Courier New", Courier, monospace;
    text-align: left;
    font-size: 8pt;
    width: 500px;
}

}
/* -- report ------------------------------------------------------------------------ */
#show_detail_line {
    margin-top: 3ex;
    margin-bottom: 1ex;
}
#result_table {
    width: 80%;
    border-collapse: collapse;
    border: 1px solid #777;
}
#header_row {
    font-weight: bold;
    color: white;
    background-color: #777;
}
#result_table td {
    border: 1px solid #777;
    padding: 2px;
}
#total_row  { font-weight: bold; }
.passClass  { background-color: #6c6; }
.failClass  { background-color: #c60; }
.errorClass { background-color: #c00; }
.passCase   { color: #6c6; }
.failCase   { color: #c60; font-weight: bold; }
.errorCase  { color: #c00; font-weight: bold; }
.hiddenRow  { display: none; }
.testcase   { margin-left: 2em; }


/* -- ending ---------------------------------------------------------------------- */
#ending {
}

</style>

</head>
<body>
<script language="javascript" type="text/javascript"><!--
output_list = Array();

/* level - 0:Summary; 1:Failed; 2:All */
function showCase(level) {
    trs = document.getElementsByTagName("tr");
    for (var i = 0; i < trs.length; i++) {
        tr = trs[i];
        id = tr.id;
        if (id.substr(0,2) == 'ft') {
            if (level < 1) {
                tr.className = 'hiddenRow';
            }
            else {
                tr.className = '';
            }
        }
        if (id.substr(0,2) == 'pt') {
            if (level > 1) {
                tr.className = '';
            }
            else {
                tr.className = 'hiddenRow';
            }
        }
    }
}


function showClassDetail(cid, count) {
    var id_list = Array(count);
    var toHide = 1;
    for (var i = 0; i < count; i++) {
        tid0 = 't' + cid.substr(1) + '.' + (i+1);
        tid = 'f' + tid0;
        tr = document.getElementById(tid);
        if (!tr) {
            tid = 'p' + tid0;
            tr = document.getElementById(tid);
        }
        id_list[i] = tid;
        if (tr.className) {
            toHide = 0;
        }
    }
    for (var i = 0; i < count; i++) {
        tid = id_list[i];
        if (toHide) {
            document.getElementById('div_'+tid).style.display = 'none'
            document.getElementById(tid).className = 'hiddenRow';
        }
        else {
            document.getElementById(tid).className = '';
        }
    }
}


function showTestDetail(div_id){
    var details_div = document.getElementById(div_id)
    var displayState = details_div.style.display
    // alert(displayState)
    if (displayState != 'block' ) {
        displayState = 'block'
        details_div.style.display = 'block'
    }
    else {
        details_div.style.display = 'none'
    }
}


function html_escape(s) {
    s = s.replace(/&/g,'&amp;');
    s = s.replace(/</g,'&lt;');
    s = s.replace(/>/g,'&gt;');
    return s;
}

/* obsoleted by detail in <div>
function showOutput(id, name) {
    var w = window.open("", //url
                    name,
                    "resizable,scrollbars,status,width=800,height=450");
    d = w.document;
    d.write("<pre>");
    d.write(html_escape(output_list[id]));
    d.write("\n");
    d.write("<a href='javascript:window.close()'>close</a>\n");
    d.write("</pre>\n");
    d.close();
}
*/
--></script>

<div class='heading'>
<h1>去哪儿网项目自动化测试报告</h1>
<p class='attribute'><strong>Start Time:</strong> 2025-06-26 10:07:16</p>
<p class='attribute'><strong>Duration:</strong> 0:02:16.293473</p>
<p class='attribute'><strong>Status:</strong> Pass 9 Error 2</p>

<p class='description'>操作系统win10</p>
</div>



<p id='show_detail_line'>Show
<a href='javascript:showCase(0)'>Summary</a>
<a href='javascript:showCase(1)'>Failed</a>
<a href='javascript:showCase(2)'>All</a>
</p>
<table id='result_table'>
<colgroup>
<col align='left' />
<col align='right' />
<col align='right' />
<col align='right' />
<col align='right' />
<col align='right' />
</colgroup>
<tr id='header_row'>
    <td>Test Group/Test case</td>
    <td>Count</td>
    <td>Pass</td>
    <td>Fail</td>
    <td>Error</td>
    <td>View</td>
</tr>

<tr class='passClass'>
    <td>test_buy_tickets.Test_Buy_Tickets</td>
    <td>3</td>
    <td>3</td>
    <td>0</td>
    <td>0</td>
    <td><a href="javascript:showClassDetail('c1',3)">Detail</a></td>
</tr>

<tr id='pt1.1' class='hiddenRow'>
    <td class='none'><div class='testcase'>test_buy_tickets_0__</div></td>
    <td colspan='5' align='center'>pass</td>
</tr>

<tr id='pt1.2' class='hiddenRow'>
    <td class='none'><div class='testcase'>test_buy_tickets_1__</div></td>
    <td colspan='5' align='center'>pass</td>
</tr>

<tr id='pt1.3' class='hiddenRow'>
    <td class='none'><div class='testcase'>test_buy_tickets_2__</div></td>
    <td colspan='5' align='center'>pass</td>
</tr>

<tr class='passClass'>
    <td>test_login.Test_Login</td>
    <td>5</td>
    <td>5</td>
    <td>0</td>
    <td>0</td>
    <td><a href="javascript:showClassDetail('c2',5)">Detail</a></td>
</tr>

<tr id='pt2.1' class='hiddenRow'>
    <td class='none'><div class='testcase'>test_login_0_19132057244: 测试登录功能，包括用户名、密码及协议的验证 [with username='19132057244', password='A984005488', success=True, expect_result=None]</div></td>
    <td colspan='5' align='center'>pass</td>
</tr>

<tr id='pt2.2' class='hiddenRow'>
    <td class='none'><div class='testcase'>test_login_1_19132057244: 测试登录功能，包括用户名、密码及协议的验证 [with username='19132057244', password='shs09211', success=False, expect_result='用户名或密码错误']</div></td>
    <td colspan='5' align='center'>pass</td>
</tr>

<tr id='pt2.3' class='hiddenRow'>
    <td class='none'><div class='testcase'>test_login_2_1513597422: 测试登录功能，包括用户名、密码及协议的验证 [with username='1513597422', password='123', success=False, expect_result='密码格式错误']</div></td>
    <td colspan='5' align='center'>pass</td>
</tr>

<tr id='pt2.4' class='hiddenRow'>
    <td class='none'><div class='testcase'>test_login_3_12144141: 测试登录功能，包括用户名、密码及协议的验证 [with username='12144141', password='', success=False, expect_result='请输入密码']</div></td>
    <td colspan='5' align='center'>pass</td>
</tr>

<tr id='pt2.5' class='hiddenRow'>
    <td class='none'><div class='testcase'>test_login_4_: 测试登录功能，包括用户名、密码及协议的验证 [with username='', password='shs09211', success=False, expect_result='请输入手机/邮箱/用户名']</div></td>
    <td colspan='5' align='center'>pass</td>
</tr>

<tr class='errorClass'>
    <td>test_publish_travel_notes.Test_Publish</td>
    <td>3</td>
    <td>1</td>
    <td>0</td>
    <td>2</td>
    <td><a href="javascript:showClassDetail('c3',3)">Detail</a></td>
</tr>

<tr id='pt3.1' class='hiddenRow'>
    <td class='none'><div class='testcase'>test_publish_0_2222</div></td>
    <td colspan='5' align='center'>pass</td>
</tr>

<tr id='ft3.2' class='none'>
    <td class='errorCase'><div class='testcase'>test_publish_1_</div></td>
    <td colspan='5' align='center'>

    <!--css div popup start-->
    <a class="popup_link" onfocus='this.blur();' href="javascript:showTestDetail('div_ft3.2')" >
        error</a>

    <div id='div_ft3.2' class="popup_window">
        <div style='text-align: right; color:red;cursor:pointer'>
        <a onfocus='this.blur();' onclick="document.getElementById('div_ft3.2').style.display = 'none' " >
           [x]</a>
        </div>
        <pre>
        
ft3.2: Traceback (most recent call last):
  File "D:\anaconda\envs\web-test\lib\site-packages\parameterized\parameterized.py", line 620, in standalone_func
    return func(*(a + p.args), **p.kwargs, **kw)
  File "E:\Work_Project\Web-Automated-Testing-main_unitest\Web-Automated-Testing-main\scripts\test_publish_travel_notes.py", line 48, in test_publish
    self.publish.page_publish(name,title,content)
  File "E:\Work_Project\Web-Automated-Testing-main_unitest\Web-Automated-Testing-main\page\page_publish_travel_notes.py", line 71, in page_publish
    self.page_click_publish_travel_notes()
  File "E:\Work_Project\Web-Automated-Testing-main_unitest\Web-Automated-Testing-main\page\page_publish_travel_notes.py", line 14, in page_click_publish_travel_notes
    self.base_click(page.publish_click_travel_notes)
  File "E:\Work_Project\Web-Automated-Testing-main_unitest\Web-Automated-Testing-main\base\base.py", line 45, in base_click
    self.base_find_element(loc).click()
  File "E:\Work_Project\Web-Automated-Testing-main_unitest\Web-Automated-Testing-main\base\base.py", line 28, in base_find_element
    return WebDriverWait(self.driver,
  File "D:\anaconda\envs\web-test\lib\site-packages\selenium\webdriver\support\wait.py", line 105, in until
    raise TimeoutException(message, screen, stacktrace)
selenium.common.exceptions.TimeoutException: Message: 
Stacktrace:
	GetHandleVerifier [0x0x7ff71a4acda5+78885]
	GetHandleVerifier [0x0x7ff71a4ace00+78976]
	(No symbol) [0x0x7ff71a269bca]
	(No symbol) [0x0x7ff71a2c0766]
	(No symbol) [0x0x7ff71a2c0a1c]
	(No symbol) [0x0x7ff71a314467]
	(No symbol) [0x0x7ff71a2e8bcf]
	(No symbol) [0x0x7ff71a31122f]
	(No symbol) [0x0x7ff71a2e8963]
	(No symbol) [0x0x7ff71a2b16b1]
	(No symbol) [0x0x7ff71a2b2443]
	GetHandleVerifier [0x0x7ff71a784eed+3061101]
	GetHandleVerifier [0x0x7ff71a77f33d+3037629]
	GetHandleVerifier [0x0x7ff71a79e592+3165202]
	GetHandleVerifier [0x0x7ff71a4c730e+186766]
	GetHandleVerifier [0x0x7ff71a4ceb3f+217535]
	GetHandleVerifier [0x0x7ff71a4b59b4+114740]
	GetHandleVerifier [0x0x7ff71a4b5b69+115177]
	GetHandleVerifier [0x0x7ff71a49c368+10728]
	BaseThreadInitThunk [0x0x7ffab7197374+20]
	RtlUserThreadStart [0x0x7ffab833cc91+33]

Traceback (most recent call last):
  File "D:\anaconda\envs\web-test\lib\site-packages\parameterized\parameterized.py", line 620, in standalone_func
    return func(*(a + p.args), **p.kwargs, **kw)
  File "E:\Work_Project\Web-Automated-Testing-main_unitest\Web-Automated-Testing-main\scripts\test_publish_travel_notes.py", line 48, in test_publish
    self.publish.page_publish(name,title,content)
  File "E:\Work_Project\Web-Automated-Testing-main_unitest\Web-Automated-Testing-main\page\page_publish_travel_notes.py", line 71, in page_publish
    self.page_click_publish_travel_notes()
  File "E:\Work_Project\Web-Automated-Testing-main_unitest\Web-Automated-Testing-main\page\page_publish_travel_notes.py", line 14, in page_click_publish_travel_notes
    self.base_click(page.publish_click_travel_notes)
  File "E:\Work_Project\Web-Automated-Testing-main_unitest\Web-Automated-Testing-main\base\base.py", line 45, in base_click
    self.base_find_element(loc).click()
  File "E:\Work_Project\Web-Automated-Testing-main_unitest\Web-Automated-Testing-main\base\base.py", line 28, in base_find_element
    return WebDriverWait(self.driver,
  File "D:\anaconda\envs\web-test\lib\site-packages\selenium\webdriver\support\wait.py", line 105, in until
    raise TimeoutException(message, screen, stacktrace)
selenium.common.exceptions.TimeoutException: Message: 
Stacktrace:
	GetHandleVerifier [0x0x7ff71a4acda5+78885]
	GetHandleVerifier [0x0x7ff71a4ace00+78976]
	(No symbol) [0x0x7ff71a269bca]
	(No symbol) [0x0x7ff71a2c0766]
	(No symbol) [0x0x7ff71a2c0a1c]
	(No symbol) [0x0x7ff71a314467]
	(No symbol) [0x0x7ff71a2e8bcf]
	(No symbol) [0x0x7ff71a31122f]
	(No symbol) [0x0x7ff71a2e8963]
	(No symbol) [0x0x7ff71a2b16b1]
	(No symbol) [0x0x7ff71a2b2443]
	GetHandleVerifier [0x0x7ff71a784eed+3061101]
	GetHandleVerifier [0x0x7ff71a77f33d+3037629]
	GetHandleVerifier [0x0x7ff71a79e592+3165202]
	GetHandleVerifier [0x0x7ff71a4c730e+186766]
	GetHandleVerifier [0x0x7ff71a4ceb3f+217535]
	GetHandleVerifier [0x0x7ff71a4b59b4+114740]
	GetHandleVerifier [0x0x7ff71a4b5b69+115177]
	GetHandleVerifier [0x0x7ff71a49c368+10728]
	BaseThreadInitThunk [0x0x7ffab7197374+20]
	RtlUserThreadStart [0x0x7ffab833cc91+33]



        </pre>
    </div>
    <!--css div popup end-->

    </td>
</tr>

<tr id='ft3.3' class='none'>
    <td class='errorCase'><div class='testcase'>test_publish_2__2</div></td>
    <td colspan='5' align='center'>

    <!--css div popup start-->
    <a class="popup_link" onfocus='this.blur();' href="javascript:showTestDetail('div_ft3.3')" >
        error</a>

    <div id='div_ft3.3' class="popup_window">
        <div style='text-align: right; color:red;cursor:pointer'>
        <a onfocus='this.blur();' onclick="document.getElementById('div_ft3.3').style.display = 'none' " >
           [x]</a>
        </div>
        <pre>
        
ft3.3: Traceback (most recent call last):
  File "D:\anaconda\envs\web-test\lib\site-packages\parameterized\parameterized.py", line 620, in standalone_func
    return func(*(a + p.args), **p.kwargs, **kw)
  File "E:\Work_Project\Web-Automated-Testing-main_unitest\Web-Automated-Testing-main\scripts\test_publish_travel_notes.py", line 48, in test_publish
    self.publish.page_publish(name,title,content)
  File "E:\Work_Project\Web-Automated-Testing-main_unitest\Web-Automated-Testing-main\page\page_publish_travel_notes.py", line 71, in page_publish
    self.page_click_publish_travel_notes()
  File "E:\Work_Project\Web-Automated-Testing-main_unitest\Web-Automated-Testing-main\page\page_publish_travel_notes.py", line 14, in page_click_publish_travel_notes
    self.base_click(page.publish_click_travel_notes)
  File "E:\Work_Project\Web-Automated-Testing-main_unitest\Web-Automated-Testing-main\base\base.py", line 45, in base_click
    self.base_find_element(loc).click()
  File "E:\Work_Project\Web-Automated-Testing-main_unitest\Web-Automated-Testing-main\base\base.py", line 28, in base_find_element
    return WebDriverWait(self.driver,
  File "D:\anaconda\envs\web-test\lib\site-packages\selenium\webdriver\support\wait.py", line 105, in until
    raise TimeoutException(message, screen, stacktrace)
selenium.common.exceptions.TimeoutException: Message: 
Stacktrace:
	GetHandleVerifier [0x0x7ff71a4acda5+78885]
	GetHandleVerifier [0x0x7ff71a4ace00+78976]
	(No symbol) [0x0x7ff71a269bca]
	(No symbol) [0x0x7ff71a2c0766]
	(No symbol) [0x0x7ff71a2c0a1c]
	(No symbol) [0x0x7ff71a314467]
	(No symbol) [0x0x7ff71a2e8bcf]
	(No symbol) [0x0x7ff71a31122f]
	(No symbol) [0x0x7ff71a2e8963]
	(No symbol) [0x0x7ff71a2b16b1]
	(No symbol) [0x0x7ff71a2b2443]
	GetHandleVerifier [0x0x7ff71a784eed+3061101]
	GetHandleVerifier [0x0x7ff71a77f33d+3037629]
	GetHandleVerifier [0x0x7ff71a79e592+3165202]
	GetHandleVerifier [0x0x7ff71a4c730e+186766]
	GetHandleVerifier [0x0x7ff71a4ceb3f+217535]
	GetHandleVerifier [0x0x7ff71a4b59b4+114740]
	GetHandleVerifier [0x0x7ff71a4b5b69+115177]
	GetHandleVerifier [0x0x7ff71a49c368+10728]
	BaseThreadInitThunk [0x0x7ffab7197374+20]
	RtlUserThreadStart [0x0x7ffab833cc91+33]

Traceback (most recent call last):
  File "D:\anaconda\envs\web-test\lib\site-packages\parameterized\parameterized.py", line 620, in standalone_func
    return func(*(a + p.args), **p.kwargs, **kw)
  File "E:\Work_Project\Web-Automated-Testing-main_unitest\Web-Automated-Testing-main\scripts\test_publish_travel_notes.py", line 48, in test_publish
    self.publish.page_publish(name,title,content)
  File "E:\Work_Project\Web-Automated-Testing-main_unitest\Web-Automated-Testing-main\page\page_publish_travel_notes.py", line 71, in page_publish
    self.page_click_publish_travel_notes()
  File "E:\Work_Project\Web-Automated-Testing-main_unitest\Web-Automated-Testing-main\page\page_publish_travel_notes.py", line 14, in page_click_publish_travel_notes
    self.base_click(page.publish_click_travel_notes)
  File "E:\Work_Project\Web-Automated-Testing-main_unitest\Web-Automated-Testing-main\base\base.py", line 45, in base_click
    self.base_find_element(loc).click()
  File "E:\Work_Project\Web-Automated-Testing-main_unitest\Web-Automated-Testing-main\base\base.py", line 28, in base_find_element
    return WebDriverWait(self.driver,
  File "D:\anaconda\envs\web-test\lib\site-packages\selenium\webdriver\support\wait.py", line 105, in until
    raise TimeoutException(message, screen, stacktrace)
selenium.common.exceptions.TimeoutException: Message: 
Stacktrace:
	GetHandleVerifier [0x0x7ff71a4acda5+78885]
	GetHandleVerifier [0x0x7ff71a4ace00+78976]
	(No symbol) [0x0x7ff71a269bca]
	(No symbol) [0x0x7ff71a2c0766]
	(No symbol) [0x0x7ff71a2c0a1c]
	(No symbol) [0x0x7ff71a314467]
	(No symbol) [0x0x7ff71a2e8bcf]
	(No symbol) [0x0x7ff71a31122f]
	(No symbol) [0x0x7ff71a2e8963]
	(No symbol) [0x0x7ff71a2b16b1]
	(No symbol) [0x0x7ff71a2b2443]
	GetHandleVerifier [0x0x7ff71a784eed+3061101]
	GetHandleVerifier [0x0x7ff71a77f33d+3037629]
	GetHandleVerifier [0x0x7ff71a79e592+3165202]
	GetHandleVerifier [0x0x7ff71a4c730e+186766]
	GetHandleVerifier [0x0x7ff71a4ceb3f+217535]
	GetHandleVerifier [0x0x7ff71a4b59b4+114740]
	GetHandleVerifier [0x0x7ff71a4b5b69+115177]
	GetHandleVerifier [0x0x7ff71a49c368+10728]
	BaseThreadInitThunk [0x0x7ffab7197374+20]
	RtlUserThreadStart [0x0x7ffab833cc91+33]



        </pre>
    </div>
    <!--css div popup end-->

    </td>
</tr>

<tr id='total_row'>
    <td>Total</td>
    <td>11</td>
    <td>9</td>
    <td>0</td>
    <td>2</td>
    <td>&nbsp;</td>
</tr>
</table>

<div id='ending'>&nbsp;</div>

</body>
</html>
